<?xml version="1.0" encoding="UTF-8"?>
<!-- Generated by org.testng.reporters.JUnitReportReporter -->
<testsuite skipped="0" hostname="DESKTOP-SS3IF5G" name="Test1.Class1" tests="1" failures="0" timestamp="13 Mar 2022 09:45:43 GMT" time="0.011" errors="0">
  <testcase name="firsttest" time="0.011" classname="Test1.Class1"/>
</testsuite> <!-- Test1.Class1 -->
